<?xml version="1.0" encoding="UTF-8"?>
<!-- Generated by org.testng.reporters.JUnitReportReporter -->
<testsuite hostname="Praful" failures="0" tests="2" name="runner.RunnerTest" time="5.274" errors="0" timestamp="2025-01-25T08:54:08 IST" skipped="0">
  <testcase classname="runner.RunnerTest" name="runScenario" time="0.309"/>
  <system-out/>
  <testcase classname="runner.RunnerTest" name="runScenario" time="4.965"/>
  <system-out/>
</testsuite> <!-- runner.RunnerTest -->
