<?xml version="1.0" encoding="UTF-8"?>
<!-- Generated by org.testng.reporters.JUnitReportReporter -->
<testsuite hostname="Praful" failures="0" tests="1" name="runner.RunnerTest" time="5.497" errors="0" timestamp="2025-01-25T07:32:56 IST" skipped="0">
  <testcase classname="runner.RunnerTest" name="runScenario" time="5.497"/>
  <system-out/>
</testsuite> <!-- runner.RunnerTest -->
