<?xml version="1.0" encoding="UTF-8"?>
<!-- Generated by org.testng.reporters.JUnitReportReporter -->
<testsuite hostname="Praful" failures="0" tests="1" name="runner.RunnerTest" time="4.351" errors="0" timestamp="2025-01-25T08:05:52 IST" skipped="0">
  <testcase classname="runner.RunnerTest" name="runScenario" time="4.351"/>
  <system-out/>
</testsuite> <!-- runner.RunnerTest -->
