<?xml version="1.0" encoding="UTF-8"?>
<!-- Generated by org.testng.reporters.JUnitReportReporter -->
<testsuite hostname="Praful" failures="0" tests="2" name="runner.RunnerTest" time="6.581" errors="0" timestamp="2025-01-25T08:50:08 IST" skipped="0">
  <testcase classname="runner.RunnerTest" name="runScenario" time="0.126"/>
  <system-out/>
  <testcase classname="runner.RunnerTest" name="runScenario" time="6.455"/>
  <system-out/>
</testsuite> <!-- runner.RunnerTest -->
