<?xml version="1.0" encoding="UTF-8"?>
<!-- Generated by org.testng.reporters.JUnitReportReporter -->
<testsuite hostname="Praful" failures="0" tests="2" name="runner.RunnerTest" time="6.743" errors="0" timestamp="2025-01-25T09:04:53 IST" skipped="0">
  <testcase classname="runner.RunnerTest" name="runScenario" time="0.340"/>
  <system-out/>
  <testcase classname="runner.RunnerTest" name="runScenario" time="6.403"/>
  <system-out/>
</testsuite> <!-- runner.RunnerTest -->
